<?xml version="1.0" encoding="UTF-8"?>
<!-- Generated by org.testng.reporters.JUnitXMLReporter -->
<testsuite ignored="0" hostname="diksha1wn1" failures="0" tests="5" name="Default test" time="9.461" errors="0" timestamp="2025-06-26T18:48:49 IST">
  <testcase classname="testCases.Product_DataDrivenTestCase" name="testAddNewProduct" time="3.725"/>
  <testcase classname="testCases.Product_DataDrivenTestCase" name="testAddNewProduct" time="1.152"/>
  <testcase classname="testCases.Product_DataDrivenTestCase" name="testAddNewProduct" time="1.254"/>
  <testcase classname="testCases.Product_DataDrivenTestCase" name="testAddNewProduct" time="1.197"/>
  <testcase classname="testCases.Product_DataDrivenTestCase" name="testAddNewProduct" time="1.216"/>
</testsuite> <!-- Default test -->
