<?xml version="1.0" encoding="UTF-8"?>
<!-- Generated by org.testng.reporters.JUnitXMLReporter -->
<testsuite ignored="0" hostname="diksha1wn1" failures="0" tests="3" name="Default test" time="5.023" errors="0" timestamp="2025-06-26T16:05:09 IST">
  <testcase classname="testCases.Schema_TestCases" name="testCartSchema" time="3.05"/>
  <testcase classname="testCases.Schema_TestCases" name="testProductSchema" time="0.569"/>
  <testcase classname="testCases.Schema_TestCases" name="testUserSchema" time="0.732"/>
</testsuite> <!-- Default test -->
