<?xml version="1.0" encoding="UTF-8"?>
<!-- Generated by org.testng.reporters.JUnitXMLReporter -->
<testsuite ignored="1" hostname="diksha1wn1" failures="0" tests="1" name="API Test" time="4.163" errors="0" timestamp="2025-06-26T14:06:17 IST">
  <testcase classname="testCases.Login_TestCases" name="testValidUserLogin" time="3.176"/>
  <testcase classname="testCases.Login_TestCases" name="testInvalidUserLogin" time="0.0">
    <ignored/>
  </testcase> <!-- testInvalidUserLogin -->
</testsuite> <!-- API Test -->
