<?xml version="1.0" encoding="UTF-8"?>
<!-- Generated by org.testng.reporters.JUnitXMLReporter -->
<testsuite ignored="1" hostname="diksha1wn1" failures="0" tests="1" name="Auth Tests" time="0.749" errors="0" timestamp="2025-06-26T14:12:56 IST">
  <testcase classname="testCases.Login_TestCases" name="testValidUserLogin" time="0.735"/>
  <testcase classname="testCases.Login_TestCases" name="testInvalidUserLogin" time="0.0">
    <ignored/>
  </testcase> <!-- testInvalidUserLogin -->
</testsuite> <!-- Auth Tests -->
