<?xml version="1.0" encoding="UTF-8"?>
<!-- Generated by org.testng.reporters.JUnitXMLReporter -->
<testsuite ignored="8" hostname="diksha1wn1" failures="0" tests="2" name="Cart Tests" time="1.272" errors="0" timestamp="2025-06-26T18:58:44 IST">
  <testcase classname="testCases.Cart_TestCases" name="testDeleteCart" time="0.639"/>
  <testcase classname="testCases.Cart_TestCases" name="testUpdateCart" time="0.599"/>
  <testcase classname="testCases.Cart_TestCases" name="testCreateCart" time="0.0">
    <ignored/>
  </testcase> <!-- testCreateCart -->
  <testcase classname="testCases.Cart_TestCases" name="testGetCartsWithLimit" time="0.0">
    <ignored/>
  </testcase> <!-- testGetCartsWithLimit -->
  <testcase classname="testCases.Cart_TestCases" name="testGetAllCarts" time="0.0">
    <ignored/>
  </testcase> <!-- testGetAllCarts -->
  <testcase classname="testCases.Cart_TestCases" name="testGetCartsByDateRange" time="0.0">
    <ignored/>
  </testcase> <!-- testGetCartsByDateRange -->
  <testcase classname="testCases.Cart_TestCases" name="testGetCartById" time="0.0">
    <ignored/>
  </testcase> <!-- testGetCartById -->
  <testcase classname="testCases.Cart_TestCases" name="testGetCartsSorted" time="0.0">
    <ignored/>
  </testcase> <!-- testGetCartsSorted -->
  <testcase classname="testCases.Cart_TestCases" name="testGetUserCart" time="0.0">
    <ignored/>
  </testcase> <!-- testGetUserCart -->
  <testcase classname="testCases.Cart_TestCases" name="testGetCartsSortedAsc" time="0.0">
    <ignored/>
  </testcase> <!-- testGetCartsSortedAsc -->
</testsuite> <!-- Cart Tests -->
