<?xml version="1.0" encoding="UTF-8"?>
<!-- Generated by org.testng.reporters.JUnitXMLReporter -->
<testsuite ignored="7" hostname="diksha1wn1" failures="0" tests="3" name="Product Test" time="5.959" errors="0" timestamp="2025-06-26T18:58:43 IST">
  <testcase classname="testCases.Product_TestCases" name="testAddNewProduct" time="3.466"/>
  <testcase classname="testCases.Product_TestCases" name="testDeleteProduct" time="0.66"/>
  <testcase classname="testCases.Product_TestCases" name="testUpdateProduct" time="0.603"/>
  <testcase classname="testCases.Product_TestCases" name="testGetSingleProductById" time="0.0">
    <ignored/>
  </testcase> <!-- testGetSingleProductById -->
  <testcase classname="testCases.Product_TestCases" name="testGetProductsByCategory" time="0.0">
    <ignored/>
  </testcase> <!-- testGetProductsByCategory -->
  <testcase classname="testCases.Product_TestCases" name="testGetLimitedProducts" time="0.0">
    <ignored/>
  </testcase> <!-- testGetLimitedProducts -->
  <testcase classname="testCases.Product_TestCases" name="testGetAllCategories" time="0.0">
    <ignored/>
  </testcase> <!-- testGetAllCategories -->
  <testcase classname="testCases.Product_TestCases" name="testGetSortedProductsAsc" time="0.0">
    <ignored/>
  </testcase> <!-- testGetSortedProductsAsc -->
  <testcase classname="testCases.Product_TestCases" name="testGetAllProducts" time="0.0">
    <ignored/>
  </testcase> <!-- testGetAllProducts -->
  <testcase classname="testCases.Product_TestCases" name="testGetSortedProducts" time="0.0">
    <ignored/>
  </testcase> <!-- testGetSortedProducts -->
</testsuite> <!-- Product Test -->
