<?xml version="1.0" encoding="UTF-8"?>
<!-- Generated by org.testng.reporters.JUnitXMLReporter -->
<testsuite ignored="0" hostname="diksha1wn1" failures="0" tests="3" name="Schema Tests" time="2.182" errors="0" timestamp="2025-06-26T18:58:46 IST">
  <testcase classname="testCases.Schema_TestCases" name="testCartSchema" time="0.969"/>
  <testcase classname="testCases.Schema_TestCases" name="testProductSchema" time="0.551"/>
  <testcase classname="testCases.Schema_TestCases" name="testUserSchema" time="0.651"/>
</testsuite> <!-- Schema Tests -->
