<?xml version="1.0" encoding="UTF-8"?>
<!-- Generated by org.testng.reporters.JUnitXMLReporter -->
<testsuite ignored="6" hostname="diksha1wn1" failures="0" tests="2" name="User Tests" time="4.631" errors="0" timestamp="2025-06-26T18:58:42 IST">
  <testcase classname="testCases.User_TestCases" name="testDeleteUser" time="2.486"/>
  <testcase classname="testCases.User_TestCases" name="testUpdateUser" time="0.915"/>
  <testcase classname="testCases.User_TestCases" name="testGetUsersSorted" time="0.0">
    <ignored/>
  </testcase> <!-- testGetUsersSorted -->
  <testcase classname="testCases.User_TestCases" name="testGetAllUsers" time="0.0">
    <ignored/>
  </testcase> <!-- testGetAllUsers -->
  <testcase classname="testCases.User_TestCases" name="testGetUsersWithLimit" time="0.0">
    <ignored/>
  </testcase> <!-- testGetUsersWithLimit -->
  <testcase classname="testCases.User_TestCases" name="testGetUserById" time="0.0">
    <ignored/>
  </testcase> <!-- testGetUserById -->
  <testcase classname="testCases.User_TestCases" name="testCreateUser" time="0.0">
    <ignored/>
  </testcase> <!-- testCreateUser -->
  <testcase classname="testCases.User_TestCases" name="testGetUsersSorted_desc" time="0.0">
    <ignored/>
  </testcase> <!-- testGetUsersSorted_desc -->
</testsuite> <!-- User Tests -->
