<?xml version="1.0" encoding="UTF-8"?>
<testng-results ignored="0" total="11" passed="11" failed="0" skipped="0">
  <reporter-output>
  </reporter-output>
  <suite started-at="2025-06-26T18:58:37 IST" name="API Test Suite" finished-at="2025-06-26T18:58:46 IST" duration-ms="8594">
    <groups>
    </groups>
    <test started-at="2025-06-26T18:58:37 IST" name="User Tests" finished-at="2025-06-26T18:58:42 IST" duration-ms="4631">
      <class name="testCases.User_TestCases">
        <test-method is-config="true" signature="SetUp()[pri:0, instance:testCases.User_TestCases@7fd7a283]" started-at="2025-06-26T18:58:38 IST" name="SetUp" finished-at="2025-06-26T18:58:38 IST" duration-ms="523" status="PASS">
          <reporter-output>
          </reporter-output>
        </test-method> <!-- SetUp -->
        <test-method signature="testDeleteUser()[pri:0, instance:testCases.User_TestCases@7fd7a283]" started-at="2025-06-26T18:58:38 IST" name="testDeleteUser" finished-at="2025-06-26T18:58:41 IST" duration-ms="2486" status="PASS">
          <reporter-output>
          </reporter-output>
        </test-method> <!-- testDeleteUser -->
        <test-method signature="testUpdateUser()[pri:0, instance:testCases.User_TestCases@7fd7a283]" started-at="2025-06-26T18:58:41 IST" name="testUpdateUser" finished-at="2025-06-26T18:58:42 IST" duration-ms="915" status="PASS">
          <reporter-output>
          </reporter-output>
        </test-method> <!-- testUpdateUser -->
      </class> <!-- testCases.User_TestCases -->
    </test> <!-- User Tests -->
    <test started-at="2025-06-26T18:58:37 IST" name="Product Test" finished-at="2025-06-26T18:58:43 IST" duration-ms="5959">
      <class name="testCases.Product_TestCases">
        <test-method is-config="true" signature="SetUp()[pri:0, instance:testCases.Product_TestCases@660acfb]" started-at="2025-06-26T18:58:38 IST" name="SetUp" finished-at="2025-06-26T18:58:38 IST" duration-ms="523" status="PASS">
          <reporter-output>
          </reporter-output>
        </test-method> <!-- SetUp -->
        <test-method signature="testAddNewProduct()[pri:0, instance:testCases.Product_TestCases@660acfb]" started-at="2025-06-26T18:58:38 IST" name="testAddNewProduct" finished-at="2025-06-26T18:58:42 IST" duration-ms="3466" status="PASS">
          <reporter-output>
          </reporter-output>
        </test-method> <!-- testAddNewProduct -->
        <test-method signature="testDeleteProduct()[pri:0, instance:testCases.Product_TestCases@660acfb]" started-at="2025-06-26T18:58:42 IST" name="testDeleteProduct" finished-at="2025-06-26T18:58:43 IST" duration-ms="660" status="PASS">
          <reporter-output>
          </reporter-output>
        </test-method> <!-- testDeleteProduct -->
        <test-method signature="testUpdateProduct()[pri:0, instance:testCases.Product_TestCases@660acfb]" started-at="2025-06-26T18:58:43 IST" name="testUpdateProduct" finished-at="2025-06-26T18:58:43 IST" duration-ms="603" status="PASS">
          <reporter-output>
          </reporter-output>
        </test-method> <!-- testUpdateProduct -->
      </class> <!-- testCases.Product_TestCases -->
    </test> <!-- Product Test -->
    <test started-at="2025-06-26T18:58:42 IST" name="Cart Tests" finished-at="2025-06-26T18:58:44 IST" duration-ms="1272">
      <class name="testCases.Cart_TestCases">
        <test-method is-config="true" signature="SetUp()[pri:0, instance:testCases.Cart_TestCases@9cb8225]" started-at="2025-06-26T18:58:42 IST" name="SetUp" finished-at="2025-06-26T18:58:42 IST" duration-ms="3" status="PASS">
          <reporter-output>
          </reporter-output>
        </test-method> <!-- SetUp -->
        <test-method signature="testDeleteCart()[pri:0, instance:testCases.Cart_TestCases@9cb8225]" started-at="2025-06-26T18:58:42 IST" name="testDeleteCart" finished-at="2025-06-26T18:58:43 IST" duration-ms="639" status="PASS">
          <reporter-output>
          </reporter-output>
        </test-method> <!-- testDeleteCart -->
        <test-method signature="testUpdateCart()[pri:0, instance:testCases.Cart_TestCases@9cb8225]" started-at="2025-06-26T18:58:43 IST" name="testUpdateCart" finished-at="2025-06-26T18:58:44 IST" duration-ms="599" status="PASS">
          <reporter-output>
          </reporter-output>
        </test-method> <!-- testUpdateCart -->
      </class> <!-- testCases.Cart_TestCases -->
    </test> <!-- Cart Tests -->
    <test started-at="2025-06-26T18:58:43 IST" name="Auth Tests" finished-at="2025-06-26T18:58:44 IST" duration-ms="718">
      <class name="testCases.Login_TestCases">
        <test-method is-config="true" signature="SetUp()[pri:0, instance:testCases.Login_TestCases@34129c78]" started-at="2025-06-26T18:58:43 IST" name="SetUp" finished-at="2025-06-26T18:58:43 IST" duration-ms="0" status="PASS">
          <reporter-output>
          </reporter-output>
        </test-method> <!-- SetUp -->
        <test-method signature="testValidUserLogin()[pri:0, instance:testCases.Login_TestCases@34129c78]" started-at="2025-06-26T18:58:43 IST" name="testValidUserLogin" finished-at="2025-06-26T18:58:44 IST" duration-ms="711" status="PASS">
          <reporter-output>
          </reporter-output>
        </test-method> <!-- testValidUserLogin -->
      </class> <!-- testCases.Login_TestCases -->
    </test> <!-- Auth Tests -->
    <test started-at="2025-06-26T18:58:44 IST" name="Schema Tests" finished-at="2025-06-26T18:58:46 IST" duration-ms="2182">
      <class name="testCases.Schema_TestCases">
        <test-method is-config="true" signature="SetUp()[pri:0, instance:testCases.Schema_TestCases@21d03963]" started-at="2025-06-26T18:58:44 IST" name="SetUp" finished-at="2025-06-26T18:58:44 IST" duration-ms="0" status="PASS">
          <reporter-output>
          </reporter-output>
        </test-method> <!-- SetUp -->
        <test-method signature="testCartSchema()[pri:0, instance:testCases.Schema_TestCases@21d03963]" started-at="2025-06-26T18:58:44 IST" name="testCartSchema" finished-at="2025-06-26T18:58:45 IST" duration-ms="969" status="PASS">
          <reporter-output>
          </reporter-output>
        </test-method> <!-- testCartSchema -->
        <test-method signature="testProductSchema()[pri:0, instance:testCases.Schema_TestCases@21d03963]" started-at="2025-06-26T18:58:45 IST" name="testProductSchema" finished-at="2025-06-26T18:58:45 IST" duration-ms="551" status="PASS">
          <reporter-output>
          </reporter-output>
        </test-method> <!-- testProductSchema -->
        <test-method signature="testUserSchema()[pri:0, instance:testCases.Schema_TestCases@21d03963]" started-at="2025-06-26T18:58:45 IST" name="testUserSchema" finished-at="2025-06-26T18:58:46 IST" duration-ms="651" status="PASS">
          <reporter-output>
          </reporter-output>
        </test-method> <!-- testUserSchema -->
      </class> <!-- testCases.Schema_TestCases -->
    </test> <!-- Schema Tests -->
  </suite> <!-- API Test Suite -->
</testng-results>
